<?xml version="1.0" encoding="UTF-8"?>
<!-- Generated by org.testng.reporters.JUnitXMLReporter -->
<testsuite ignored="0" hostname="SUREPALLI" failures="0" tests="6" name="Restful_Booker_Tests" time="12.964" errors="0" timestamp="2025-07-27T01:32:38 IST">
  <testcase classname="Restfull_Booker.E2E" name="checkAPIHealth" time="2.208"/>
  <testcase classname="Restfull_Booker.E2E" name="createBookingTest" time="3.695"/>
  <testcase classname="Restfull_Booker.E2E" name="updateBookingTest" time="3.11"/>
  <testcase classname="Restfull_Booker.E2E" name="partialUpdateBookingTest" time="2.044"/>
  <testcase classname="Restfull_Booker.E2E" name="deleteBookingTest" time="2.021"/>
  <testcase classname="Restfull_Booker.BookingDataCollector" name="collectBookingDataParallel" time="12.64"/>
</testsuite> <!-- Restful_Booker_Tests -->
