<?xml version="1.0" encoding="UTF-8"?>
<testng-results ignored="0" total="1" passed="1" failed="0" skipped="0">
  <reporter-output>
  </reporter-output>
  <suite started-at="2025-07-27T01:46:42 IST" name="API_Automation_Suite" finished-at="2025-07-27T01:50:47 IST" duration-ms="245731">
    <groups>
    </groups>
    <test started-at="2025-07-27T01:46:42 IST" name="Restful_Booker_Tests" finished-at="2025-07-27T01:50:47 IST" duration-ms="245731">
      <class name="Restfull_Booker.BookingDataCollector">
        <test-method is-config="true" signature="setupBaseURI()[pri:0, instance:Restfull_Booker.BookingDataCollector@4145bad8]" started-at="2025-07-27T01:46:42 IST" name="setupBaseURI" finished-at="2025-07-27T01:46:42 IST" duration-ms="274" status="PASS">
          <reporter-output>
          </reporter-output>
        </test-method> <!-- setupBaseURI -->
        <test-method signature="collectBookingDataParallel()[pri:0, instance:Restfull_Booker.BookingDataCollector@4145bad8]" started-at="2025-07-27T01:46:42 IST" name="collectBookingDataParallel" finished-at="2025-07-27T01:50:47 IST" duration-ms="245370" status="PASS">
          <reporter-output>
          </reporter-output>
        </test-method> <!-- collectBookingDataParallel -->
        <test-method is-config="true" signature="tearDown()[pri:0, instance:Restfull_Booker.BookingDataCollector@4145bad8]" started-at="2025-07-27T01:50:47 IST" name="tearDown" finished-at="2025-07-27T01:50:47 IST" duration-ms="1" status="PASS">
          <reporter-output>
          </reporter-output>
        </test-method> <!-- tearDown -->
      </class> <!-- Restfull_Booker.BookingDataCollector -->
    </test> <!-- Restful_Booker_Tests -->
  </suite> <!-- API_Automation_Suite -->
</testng-results>
