<?xml version="1.0" encoding="UTF-8"?>
<testng-results ignored="0" total="6" passed="6" failed="0" skipped="0">
  <reporter-output>
  </reporter-output>
  <suite started-at="2025-07-27T01:32:25 IST" name="API_Automation_Suite" finished-at="2025-07-27T01:32:38 IST" duration-ms="12964">
    <groups>
    </groups>
    <test started-at="2025-07-27T01:32:25 IST" name="Restful_Booker_Tests" finished-at="2025-07-27T01:32:38 IST" duration-ms="12964">
      <class name="Restfull_Booker.BookingDataCollector">
        <test-method is-config="true" signature="setupBaseURI()[pri:0, instance:Restfull_Booker.BookingDataCollector@3e0e1046]" started-at="2025-07-27T01:32:25 IST" name="setupBaseURI" finished-at="2025-07-27T01:32:25 IST" duration-ms="278" status="PASS">
          <reporter-output>
          </reporter-output>
        </test-method> <!-- setupBaseURI -->
        <test-method signature="collectBookingDataParallel()[pri:0, instance:Restfull_Booker.BookingDataCollector@3e0e1046]" started-at="2025-07-27T01:32:25 IST" name="collectBookingDataParallel" finished-at="2025-07-27T01:32:38 IST" duration-ms="12640" status="PASS">
          <reporter-output>
          </reporter-output>
        </test-method> <!-- collectBookingDataParallel -->
        <test-method is-config="true" signature="tearDown()[pri:0, instance:Restfull_Booker.BookingDataCollector@3e0e1046]" started-at="2025-07-27T01:32:38 IST" name="tearDown" finished-at="2025-07-27T01:32:38 IST" duration-ms="1" status="PASS">
          <reporter-output>
          </reporter-output>
        </test-method> <!-- tearDown -->
      </class> <!-- Restfull_Booker.BookingDataCollector -->
      <class name="Restfull_Booker.E2E">
        <test-method is-config="true" signature="setupBaseURI()[pri:0, instance:Restfull_Booker.E2E@14bdbc74]" started-at="2025-07-27T01:32:25 IST" name="setupBaseURI" finished-at="2025-07-27T01:32:25 IST" duration-ms="278" status="PASS">
          <reporter-output>
          </reporter-output>
        </test-method> <!-- setupBaseURI -->
        <test-method signature="checkAPIHealth()[pri:0, instance:Restfull_Booker.E2E@14bdbc74]" started-at="2025-07-27T01:32:25 IST" name="checkAPIHealth" finished-at="2025-07-27T01:32:27 IST" duration-ms="2208" status="PASS">
          <reporter-output>
          </reporter-output>
        </test-method> <!-- checkAPIHealth -->
        <test-method signature="createBookingTest()[pri:1, instance:Restfull_Booker.E2E@14bdbc74]" started-at="2025-07-27T01:32:25 IST" name="createBookingTest" finished-at="2025-07-27T01:32:29 IST" duration-ms="3695" status="PASS">
          <reporter-output>
          </reporter-output>
        </test-method> <!-- createBookingTest -->
        <test-method signature="updateBookingTest()[pri:2, instance:Restfull_Booker.E2E@14bdbc74]" started-at="2025-07-27T01:32:29 IST" name="updateBookingTest" finished-at="2025-07-27T01:32:32 IST" depends-on-methods="Restfull_Booker.E2E.createBookingTest" duration-ms="3110" status="PASS">
          <reporter-output>
          </reporter-output>
        </test-method> <!-- updateBookingTest -->
        <test-method signature="partialUpdateBookingTest()[pri:3, instance:Restfull_Booker.E2E@14bdbc74]" started-at="2025-07-27T01:32:32 IST" name="partialUpdateBookingTest" finished-at="2025-07-27T01:32:34 IST" depends-on-methods="Restfull_Booker.E2E.updateBookingTest" duration-ms="2044" status="PASS">
          <reporter-output>
          </reporter-output>
        </test-method> <!-- partialUpdateBookingTest -->
        <test-method signature="deleteBookingTest()[pri:4, instance:Restfull_Booker.E2E@14bdbc74]" started-at="2025-07-27T01:32:34 IST" name="deleteBookingTest" finished-at="2025-07-27T01:32:36 IST" depends-on-methods="Restfull_Booker.E2E.partialUpdateBookingTest" duration-ms="2021" status="PASS">
          <reporter-output>
          </reporter-output>
        </test-method> <!-- deleteBookingTest -->
        <test-method is-config="true" signature="tearDown()[pri:0, instance:Restfull_Booker.E2E@14bdbc74]" started-at="2025-07-27T01:32:36 IST" name="tearDown" finished-at="2025-07-27T01:32:36 IST" duration-ms="2" status="PASS">
          <reporter-output>
          </reporter-output>
        </test-method> <!-- tearDown -->
      </class> <!-- Restfull_Booker.E2E -->
    </test> <!-- Restful_Booker_Tests -->
  </suite> <!-- API_Automation_Suite -->
</testng-results>
